<?xml version="1.0" encoding="UTF-8"?>
<testsuite name="pers.ddns.Test" tests="1" skipped="0" failures="0" errors="0" timestamp="2023-04-04T06:27:30" hostname="zhaohouweideMacBook-Pro.local" time="0.002">
  <properties/>
  <testcase name="t1" classname="pers.ddns.Test" time="0.002"/>
  <system-out><![CDATA[hello
]]></system-out>
  <system-err><![CDATA[]]></system-err>
</testsuite>
